<?xml version="1.0" encoding="UTF-8"?>
<testng-results skipped="0" failed="0" total="1" passed="1">
  <reporter-output>
  </reporter-output>
  <suite name="mailBotTest" duration-ms="32270" started-at="2017-07-30T01:12:13Z" finished-at="2017-07-30T01:12:46Z">
    <groups>
    </groups>
    <test name="Test01" duration-ms="32270" started-at="2017-07-30T01:12:13Z" finished-at="2017-07-30T01:12:46Z">
      <class name="mailBotExecute.script.MyAccountCapability">
        <test-method status="PASS" signature="addFileFlow(java.lang.String, java.lang.String)[pri:0, instance:mailBotExecute.script.MyAccountCapability@402a079c]" name="addFileFlow" duration-ms="32240" started-at="2017-07-29T18:12:13Z" finished-at="2017-07-29T18:12:45Z">
          <params>
            <param index="0">
              <value>
                <![CDATA[MyAccountCapability]]>
              </value>
            </param>
            <param index="1">
              <value>
                <![CDATA[IE]]>
              </value>
            </param>
          </params>
          <reporter-output>
          </reporter-output>
        </test-method> <!-- addFileFlow -->
      </class> <!-- mailBotExecute.script.MyAccountCapability -->
    </test> <!-- Test01 -->
  </suite> <!-- mailBotTest -->
</testng-results>
